Started GET "/" for 127.0.0.1 at 2022-02-02 01:49:00 -0300
  [1m[35m (2.8ms)[0m  [1m[34mSELECT sqlite_version(*)[0m
Processing by Rails::WelcomeController#index as HTML
  Rendering /home/biabianchi/.rvm/gems/ruby-3.0.0/gems/railties-7.0.1/lib/rails/templates/rails/welcome/index.html.erb
  Rendered /home/biabianchi/.rvm/gems/ruby-3.0.0/gems/railties-7.0.1/lib/rails/templates/rails/welcome/index.html.erb (Duration: 4.3ms | Allocations: 718)
Completed 200 OK in 37ms (Views: 17.9ms | ActiveRecord: 0.0ms | Allocations: 6932)


Started GET "/articles" for 127.0.0.1 at 2022-02-02 01:49:29 -0300
  
ActionController::RoutingError (uninitialized constant ArticlesController
Did you mean?  AbstractController):
  
Started GET "/articles" for 127.0.0.1 at 2022-02-02 01:50:35 -0300
  [1m[35m (1.7ms)[0m  [1m[34mSELECT sqlite_version(*)[0m
Processing by ArticlesController#index as HTML
  Rendering layout layouts/application.html.erb
  Rendering articles/index.html.erb within layouts/application
  Rendered articles/index.html.erb within layouts/application (Duration: 2.2ms | Allocations: 364)
  Rendered layout layouts/application.html.erb (Duration: 440.5ms | Allocations: 87334)
Completed 200 OK in 459ms (Views: 448.0ms | ActiveRecord: 0.0ms | Allocations: 92555)


Started GET "/articles" for 127.0.0.1 at 2022-02-02 01:51:00 -0300
Processing by ArticlesController#index as HTML
  Rendering layout layouts/application.html.erb
  Rendering articles/index.html.erb within layouts/application
  Rendered articles/index.html.erb within layouts/application (Duration: 0.2ms | Allocations: 17)
  Rendered layout layouts/application.html.erb (Duration: 28.5ms | Allocations: 13598)
Completed 200 OK in 32ms (Views: 31.2ms | Allocations: 14368)


Started GET "/articles" for 127.0.0.1 at 2022-02-02 01:51:01 -0300
Processing by ArticlesController#index as HTML
  Rendering layout layouts/application.html.erb
  Rendering articles/index.html.erb within layouts/application
  Rendered articles/index.html.erb within layouts/application (Duration: 0.1ms | Allocations: 15)
  Rendered layout layouts/application.html.erb (Duration: 6.9ms | Allocations: 2312)
Completed 200 OK in 9ms (Views: 8.2ms | Allocations: 2632)


  [1m[35m (0.8ms)[0m  [1m[34mSELECT sqlite_version(*)[0m
  [1m[35m (8.8ms)[0m  [1m[35mCREATE TABLE "schema_migrations" ("version" varchar NOT NULL PRIMARY KEY)[0m
  [1m[35m (8.9ms)[0m  [1m[35mCREATE TABLE "ar_internal_metadata" ("key" varchar NOT NULL PRIMARY KEY, "value" varchar, "created_at" datetime(6) NOT NULL, "updated_at" datetime(6) NOT NULL)[0m
  [1m[36mActiveRecord::SchemaMigration Pluck (0.3ms)[0m  [1m[34mSELECT "schema_migrations"."version" FROM "schema_migrations" ORDER BY "schema_migrations"."version" ASC[0m
Migrating to CreateArticles (20220202045155)
  [1m[36mTRANSACTION (0.1ms)[0m  [1m[36mbegin transaction[0m
  [1m[35m (0.6ms)[0m  [1m[35mCREATE TABLE "articles" ("id" integer PRIMARY KEY AUTOINCREMENT NOT NULL, "title" varchar, "body" text, "created_at" datetime(6) NOT NULL, "updated_at" datetime(6) NOT NULL)[0m
  [1m[36mActiveRecord::SchemaMigration Create (0.3ms)[0m  [1m[32mINSERT INTO "schema_migrations" ("version") VALUES (?)[0m  [["version", "20220202045155"]]
  [1m[36mTRANSACTION (27.0ms)[0m  [1m[36mcommit transaction[0m
  [1m[36mActiveRecord::InternalMetadata Load (0.4ms)[0m  [1m[34mSELECT "ar_internal_metadata".* FROM "ar_internal_metadata" WHERE "ar_internal_metadata"."key" = ? LIMIT ?[0m  [["key", "environment"], ["LIMIT", 1]]
  [1m[36mTRANSACTION (0.1ms)[0m  [1m[36mbegin transaction[0m
  [1m[36mActiveRecord::InternalMetadata Create (0.5ms)[0m  [1m[32mINSERT INTO "ar_internal_metadata" ("key", "value", "created_at", "updated_at") VALUES (?, ?, ?, ?)[0m  [["key", "environment"], ["value", "development"], ["created_at", "2022-02-02 04:52:21.620207"], ["updated_at", "2022-02-02 04:52:21.620207"]]
  [1m[36mTRANSACTION (7.0ms)[0m  [1m[36mcommit transaction[0m
  [1m[35m (0.2ms)[0m  [1m[34mSELECT sqlite_version(*)[0m
  [1m[36mActiveRecord::SchemaMigration Pluck (0.3ms)[0m  [1m[34mSELECT "schema_migrations"."version" FROM "schema_migrations" ORDER BY "schema_migrations"."version" ASC[0m
  [1m[35m (1.0ms)[0m  [1m[34mSELECT sqlite_version(*)[0m
  [1m[36mTRANSACTION (0.1ms)[0m  [1m[36mbegin transaction[0m
  [1m[36mArticle Create (0.6ms)[0m  [1m[32mINSERT INTO "articles" ("title", "body", "created_at", "updated_at") VALUES (?, ?, ?, ?)[0m  [["title", "Hello Rails"], ["body", "I am on Rails!"], ["created_at", "2022-02-02 04:52:54.944641"], ["updated_at", "2022-02-02 04:52:54.944641"]]
  [1m[36mTRANSACTION (9.9ms)[0m  [1m[36mcommit transaction[0m
Started GET "/articles" for 127.0.0.1 at 2022-02-02 01:54:52 -0300
  [1m[35m (1.6ms)[0m  [1m[34mSELECT sqlite_version(*)[0m
  [1m[36mActiveRecord::SchemaMigration Pluck (0.3ms)[0m  [1m[34mSELECT "schema_migrations"."version" FROM "schema_migrations" ORDER BY "schema_migrations"."version" ASC[0m
Processing by ArticlesController#index as HTML
  Rendering layout layouts/application.html.erb
  Rendering articles/index.html.erb within layouts/application
  [1m[36mArticle Load (0.3ms)[0m  [1m[34mSELECT "articles".* FROM "articles"[0m
  ↳ app/views/articles/index.html.erb:4
  Rendered articles/index.html.erb within layouts/application (Duration: 18.2ms | Allocations: 5605)
  Rendered layout layouts/application.html.erb (Duration: 139.0ms | Allocations: 39739)
Completed 200 OK in 160ms (Views: 143.1ms | ActiveRecord: 1.2ms | Allocations: 45562)


Started GET "/articles/1" for 127.0.0.1 at 2022-02-02 01:55:57 -0300
Processing by ArticlesController#show as HTML
  Parameters: {"id"=>"1"}
  [1m[35m (0.2ms)[0m  [1m[34mSELECT sqlite_version(*)[0m
  ↳ app/controllers/articles_controller.rb:7:in `show'
  [1m[36mArticle Load (0.3ms)[0m  [1m[34mSELECT "articles".* FROM "articles" WHERE "articles"."id" = ? LIMIT ?[0m  [["id", 1], ["LIMIT", 1]]
  ↳ app/controllers/articles_controller.rb:7:in `show'
  Rendering layout layouts/application.html.erb
  Rendering articles/show.html.erb within layouts/application
  Rendered articles/show.html.erb within layouts/application (Duration: 1.3ms | Allocations: 166)
  Rendered layout layouts/application.html.erb (Duration: 29.0ms | Allocations: 13936)
Completed 200 OK in 52ms (Views: 32.1ms | ActiveRecord: 2.1ms | Allocations: 19712)


Started GET "/articles/1" for 127.0.0.1 at 2022-02-02 01:57:51 -0300
Processing by ArticlesController#show as HTML
  Parameters: {"id"=>"1"}
  [1m[35m (0.2ms)[0m  [1m[34mSELECT sqlite_version(*)[0m
  ↳ app/controllers/articles_controller.rb:7:in `show'
  [1m[36mArticle Load (0.4ms)[0m  [1m[34mSELECT "articles".* FROM "articles" WHERE "articles"."id" = ? LIMIT ?[0m  [["id", 1], ["LIMIT", 1]]
  ↳ app/controllers/articles_controller.rb:7:in `show'
  Rendering layout layouts/application.html.erb
  Rendering articles/show.html.erb within layouts/application
  Rendered articles/show.html.erb within layouts/application (Duration: 1.7ms | Allocations: 160)
  Rendered layout layouts/application.html.erb (Duration: 25.3ms | Allocations: 13942)
Completed 200 OK in 47ms (Views: 28.5ms | ActiveRecord: 2.3ms | Allocations: 18396)


Started GET "/articles/" for 127.0.0.1 at 2022-02-02 01:57:54 -0300
Processing by ArticlesController#index as HTML
  Rendering layout layouts/application.html.erb
  Rendering articles/index.html.erb within layouts/application
  [1m[36mArticle Load (0.3ms)[0m  [1m[34mSELECT "articles".* FROM "articles"[0m
  ↳ app/views/articles/index.html.erb:4
  Rendered articles/index.html.erb within layouts/application (Duration: 5.1ms | Allocations: 877)
  Rendered layout layouts/application.html.erb (Duration: 14.9ms | Allocations: 3166)
Completed 200 OK in 17ms (Views: 15.8ms | ActiveRecord: 0.3ms | Allocations: 3553)


Started GET "/articles/1" for 127.0.0.1 at 2022-02-02 01:57:55 -0300
Processing by ArticlesController#show as HTML
  Parameters: {"id"=>"1"}
  [1m[36mArticle Load (0.2ms)[0m  [1m[34mSELECT "articles".* FROM "articles" WHERE "articles"."id" = ? LIMIT ?[0m  [["id", 1], ["LIMIT", 1]]
  ↳ app/controllers/articles_controller.rb:7:in `show'
  Rendering layout layouts/application.html.erb
  Rendering articles/show.html.erb within layouts/application
  Rendered articles/show.html.erb within layouts/application (Duration: 0.1ms | Allocations: 19)
  Rendered layout layouts/application.html.erb (Duration: 6.9ms | Allocations: 2292)
Completed 200 OK in 10ms (Views: 8.1ms | ActiveRecord: 0.2ms | Allocations: 3079)


Started GET "/articles/new" for 127.0.0.1 at 2022-02-02 01:57:59 -0300
Processing by ArticlesController#new as HTML
  Rendering layout layouts/application.html.erb
  Rendering articles/new.html.erb within layouts/application
  Rendered articles/new.html.erb within layouts/application (Duration: 25.6ms | Allocations: 5246)
  Rendered layout layouts/application.html.erb (Duration: 33.3ms | Allocations: 7289)
Completed 200 OK in 36ms (Views: 34.3ms | ActiveRecord: 0.0ms | Allocations: 7699)


Started GET "/articles/new" for 127.0.0.1 at 2022-02-02 02:02:42 -0300
Processing by ArticlesController#new as HTML
  [1m[35m (0.1ms)[0m  [1m[34mSELECT sqlite_version(*)[0m
  ↳ app/controllers/articles_controller.rb:11:in `new'
  Rendering layout layouts/application.html.erb
  Rendering articles/new.html.erb within layouts/application
  Rendered articles/_form.html.erb (Duration: 5.6ms | Allocations: 1309)
  Rendered articles/new.html.erb within layouts/application (Duration: 7.4ms | Allocations: 1582)
  Rendered layout layouts/application.html.erb (Duration: 49.2ms | Allocations: 15152)
Completed 200 OK in 72ms (Views: 53.6ms | ActiveRecord: 2.1ms | Allocations: 18770)


Started POST "/articles" for 127.0.0.1 at 2022-02-02 02:02:49 -0300
Processing by ArticlesController#create as TURBO_STREAM
  Parameters: {"authenticity_token"=>"[FILTERED]", "article"=>{"title"=>"teste", "body"=>"teste2"}, "commit"=>"Create Article"}
  Rendering layout layouts/application.html.erb
  Rendering articles/new.html.erb within layouts/application
  Rendered articles/_form.html.erb (Duration: 6.2ms | Allocations: 1683)
  Rendered articles/new.html.erb within layouts/application (Duration: 6.7ms | Allocations: 1806)
  Rendered layout layouts/application.html.erb (Duration: 12.3ms | Allocations: 3899)
Completed 422 Unprocessable Entity in 17ms (Views: 13.4ms | ActiveRecord: 0.0ms | Allocations: 5391)


Started POST "/articles" for 127.0.0.1 at 2022-02-02 02:02:55 -0300
Processing by ArticlesController#create as TURBO_STREAM
  Parameters: {"authenticity_token"=>"[FILTERED]", "article"=>{"title"=>"teste", "body"=>"teste2 teste2 tes2"}, "commit"=>"Create Article"}
  [1m[36mTRANSACTION (0.1ms)[0m  [1m[36mbegin transaction[0m
  ↳ app/controllers/articles_controller.rb:17:in `create'
  [1m[36mArticle Create (0.5ms)[0m  [1m[32mINSERT INTO "articles" ("title", "body", "created_at", "updated_at") VALUES (?, ?, ?, ?)[0m  [["title", "teste"], ["body", "teste2 teste2 tes2"], ["created_at", "2022-02-02 05:02:55.188594"], ["updated_at", "2022-02-02 05:02:55.188594"]]
  ↳ app/controllers/articles_controller.rb:17:in `create'
  [1m[36mTRANSACTION (7.3ms)[0m  [1m[36mcommit transaction[0m
  ↳ app/controllers/articles_controller.rb:17:in `create'
Redirected to http://localhost:3000/articles/2
Completed 302 Found in 18ms (ActiveRecord: 8.0ms | Allocations: 3109)


Started GET "/articles/2" for 127.0.0.1 at 2022-02-02 02:02:55 -0300
Processing by ArticlesController#show as TURBO_STREAM
  Parameters: {"id"=>"2"}
  [1m[36mArticle Load (0.3ms)[0m  [1m[34mSELECT "articles".* FROM "articles" WHERE "articles"."id" = ? LIMIT ?[0m  [["id", 2], ["LIMIT", 1]]
  ↳ app/controllers/articles_controller.rb:7:in `show'
  Rendering layout layouts/application.html.erb
  Rendering articles/show.html.erb within layouts/application
  Rendered articles/show.html.erb within layouts/application (Duration: 2.6ms | Allocations: 299)
  Rendered layout layouts/application.html.erb (Duration: 7.8ms | Allocations: 2588)
Completed 200 OK in 14ms (Views: 9.1ms | ActiveRecord: 0.3ms | Allocations: 4053)


Started GET "/articles/2/edit" for 127.0.0.1 at 2022-02-02 02:02:56 -0300
Processing by ArticlesController#edit as HTML
  Parameters: {"id"=>"2"}
  [1m[36mArticle Load (0.2ms)[0m  [1m[34mSELECT "articles".* FROM "articles" WHERE "articles"."id" = ? LIMIT ?[0m  [["id", 2], ["LIMIT", 1]]
  ↳ app/controllers/articles_controller.rb:25:in `edit'
  Rendering layout layouts/application.html.erb
  Rendering articles/edit.html.erb within layouts/application
  Rendered articles/_form.html.erb (Duration: 2.7ms | Allocations: 962)
  Rendered articles/edit.html.erb within layouts/application (Duration: 5.4ms | Allocations: 1161)
  Rendered layout layouts/application.html.erb (Duration: 12.3ms | Allocations: 3201)
Completed 200 OK in 19ms (Views: 14.9ms | ActiveRecord: 0.2ms | Allocations: 4027)


Started PATCH "/articles/2" for 127.0.0.1 at 2022-02-02 02:02:58 -0300
Processing by ArticlesController#update as TURBO_STREAM
  Parameters: {"authenticity_token"=>"[FILTERED]", "article"=>{"title"=>"teste", "body"=>"teste2 teste2 tes2"}, "commit"=>"Update Article", "id"=>"2"}
  [1m[36mArticle Load (0.2ms)[0m  [1m[34mSELECT "articles".* FROM "articles" WHERE "articles"."id" = ? LIMIT ?[0m  [["id", 2], ["LIMIT", 1]]
  ↳ app/controllers/articles_controller.rb:29:in `update'
Redirected to http://localhost:3000/articles/2
Completed 302 Found in 6ms (ActiveRecord: 0.2ms | Allocations: 1236)


Started GET "/articles/2" for 127.0.0.1 at 2022-02-02 02:02:58 -0300
Processing by ArticlesController#show as TURBO_STREAM
  Parameters: {"id"=>"2"}
  [1m[36mArticle Load (0.2ms)[0m  [1m[34mSELECT "articles".* FROM "articles" WHERE "articles"."id" = ? LIMIT ?[0m  [["id", 2], ["LIMIT", 1]]
  ↳ app/controllers/articles_controller.rb:7:in `show'
  Rendering layout layouts/application.html.erb
  Rendering articles/show.html.erb within layouts/application
  Rendered articles/show.html.erb within layouts/application (Duration: 0.8ms | Allocations: 91)
  Rendered layout layouts/application.html.erb (Duration: 8.2ms | Allocations: 2387)
Completed 200 OK in 12ms (Views: 9.4ms | ActiveRecord: 0.2ms | Allocations: 3166)


Started GET "/articles/" for 127.0.0.1 at 2022-02-02 02:03:07 -0300
Processing by ArticlesController#index as HTML
  Rendering layout layouts/application.html.erb
  Rendering articles/index.html.erb within layouts/application
  [1m[36mArticle Load (0.2ms)[0m  [1m[34mSELECT "articles".* FROM "articles"[0m
  ↳ app/views/articles/index.html.erb:4
  Rendered articles/index.html.erb within layouts/application (Duration: 3.2ms | Allocations: 868)
  Rendered layout layouts/application.html.erb (Duration: 11.2ms | Allocations: 3159)
Completed 200 OK in 14ms (Views: 12.3ms | ActiveRecord: 0.2ms | Allocations: 3545)


Started GET "/articles/new" for 127.0.0.1 at 2022-02-02 02:03:08 -0300
Processing by ArticlesController#new as HTML
  Rendering layout layouts/application.html.erb
  Rendering articles/new.html.erb within layouts/application
  Rendered articles/_form.html.erb (Duration: 2.8ms | Allocations: 901)
  Rendered articles/new.html.erb within layouts/application (Duration: 3.1ms | Allocations: 974)
  Rendered layout layouts/application.html.erb (Duration: 9.2ms | Allocations: 3017)
Completed 200 OK in 14ms (Views: 12.9ms | ActiveRecord: 0.0ms | Allocations: 3353)


Started GET "/articles/1" for 127.0.0.1 at 2022-02-02 02:03:11 -0300
Processing by ArticlesController#show as HTML
  Parameters: {"id"=>"1"}
  [1m[36mArticle Load (0.2ms)[0m  [1m[34mSELECT "articles".* FROM "articles" WHERE "articles"."id" = ? LIMIT ?[0m  [["id", 1], ["LIMIT", 1]]
  ↳ app/controllers/articles_controller.rb:7:in `show'
  Rendering layout layouts/application.html.erb
  Rendering articles/show.html.erb within layouts/application
  Rendered articles/show.html.erb within layouts/application (Duration: 1.0ms | Allocations: 91)
  Rendered layout layouts/application.html.erb (Duration: 7.9ms | Allocations: 2374)
Completed 200 OK in 13ms (Views: 8.9ms | ActiveRecord: 0.2ms | Allocations: 3147)


Started GET "/articles/2" for 127.0.0.1 at 2022-02-02 02:03:13 -0300
Processing by ArticlesController#show as HTML
  Parameters: {"id"=>"2"}
  [1m[36mArticle Load (0.2ms)[0m  [1m[34mSELECT "articles".* FROM "articles" WHERE "articles"."id" = ? LIMIT ?[0m  [["id", 2], ["LIMIT", 1]]
  ↳ app/controllers/articles_controller.rb:7:in `show'
  Rendering layout layouts/application.html.erb
  Rendering articles/show.html.erb within layouts/application
  Rendered articles/show.html.erb within layouts/application (Duration: 0.6ms | Allocations: 91)
  Rendered layout layouts/application.html.erb (Duration: 7.9ms | Allocations: 2368)
Completed 200 OK in 19ms (Views: 9.4ms | ActiveRecord: 0.2ms | Allocations: 3140)


  [1m[35m (1.0ms)[0m  [1m[34mSELECT sqlite_version(*)[0m
  [1m[36mActiveRecord::SchemaMigration Pluck (0.2ms)[0m  [1m[34mSELECT "schema_migrations"."version" FROM "schema_migrations" ORDER BY "schema_migrations"."version" ASC[0m
Migrating to CreateComments (20220202050340)
  [1m[36mTRANSACTION (0.1ms)[0m  [1m[36mbegin transaction[0m
  [1m[35m (0.5ms)[0m  [1m[35mCREATE TABLE "comments" ("id" integer PRIMARY KEY AUTOINCREMENT NOT NULL, "commenter" varchar, "body" text, "article_id" integer NOT NULL, "created_at" datetime(6) NOT NULL, "updated_at" datetime(6) NOT NULL, CONSTRAINT "fk_rails_3bf61a60d3"
FOREIGN KEY ("article_id")
  REFERENCES "articles" ("id")
)[0m
  [1m[35m (0.3ms)[0m  [1m[35mCREATE INDEX "index_comments_on_article_id" ON "comments" ("article_id")[0m
  [1m[36mActiveRecord::SchemaMigration Create (0.4ms)[0m  [1m[32mINSERT INTO "schema_migrations" ("version") VALUES (?)[0m  [["version", "20220202050340"]]
  [1m[36mTRANSACTION (8.3ms)[0m  [1m[36mcommit transaction[0m
  [1m[36mActiveRecord::InternalMetadata Load (0.4ms)[0m  [1m[34mSELECT "ar_internal_metadata".* FROM "ar_internal_metadata" WHERE "ar_internal_metadata"."key" = ? LIMIT ?[0m  [["key", "environment"], ["LIMIT", 1]]
  [1m[35m (0.4ms)[0m  [1m[34mSELECT sqlite_version(*)[0m
  [1m[36mActiveRecord::SchemaMigration Pluck (0.3ms)[0m  [1m[34mSELECT "schema_migrations"."version" FROM "schema_migrations" ORDER BY "schema_migrations"."version" ASC[0m
Started GET "/articles/2/edit" for 127.0.0.1 at 2022-02-02 02:06:48 -0300
  [1m[35m (0.1ms)[0m  [1m[34mSELECT sqlite_version(*)[0m
  [1m[36mActiveRecord::SchemaMigration Pluck (0.4ms)[0m  [1m[34mSELECT "schema_migrations"."version" FROM "schema_migrations" ORDER BY "schema_migrations"."version" ASC[0m
Processing by ArticlesController#edit as HTML
  Parameters: {"id"=>"2"}
  [1m[36mArticle Load (0.2ms)[0m  [1m[34mSELECT "articles".* FROM "articles" WHERE "articles"."id" = ? LIMIT ?[0m  [["id", 2], ["LIMIT", 1]]
  ↳ app/controllers/articles_controller.rb:25:in `edit'
  Rendering layout layouts/application.html.erb
  Rendering articles/edit.html.erb within layouts/application
  Rendered articles/_form.html.erb (Duration: 4.0ms | Allocations: 1351)
  Rendered articles/edit.html.erb within layouts/application (Duration: 5.5ms | Allocations: 1609)
  Rendered layout layouts/application.html.erb (Duration: 28.0ms | Allocations: 15184)
Completed 200 OK in 70ms (Views: 31.5ms | ActiveRecord: 1.4ms | Allocations: 20891)


Started PATCH "/articles/2" for 127.0.0.1 at 2022-02-02 02:06:49 -0300
Processing by ArticlesController#update as TURBO_STREAM
  Parameters: {"authenticity_token"=>"[FILTERED]", "article"=>{"title"=>"teste", "body"=>"teste2 teste2 tes2"}, "commit"=>"Update Article", "id"=>"2"}
  [1m[36mArticle Load (0.2ms)[0m  [1m[34mSELECT "articles".* FROM "articles" WHERE "articles"."id" = ? LIMIT ?[0m  [["id", 2], ["LIMIT", 1]]
  ↳ app/controllers/articles_controller.rb:29:in `update'
Redirected to http://localhost:3000/articles/2
Completed 302 Found in 6ms (ActiveRecord: 0.2ms | Allocations: 1379)


Started GET "/articles/2" for 127.0.0.1 at 2022-02-02 02:06:49 -0300
Processing by ArticlesController#show as TURBO_STREAM
  Parameters: {"id"=>"2"}
  [1m[36mArticle Load (0.2ms)[0m  [1m[34mSELECT "articles".* FROM "articles" WHERE "articles"."id" = ? LIMIT ?[0m  [["id", 2], ["LIMIT", 1]]
  ↳ app/controllers/articles_controller.rb:7:in `show'
  Rendering layout layouts/application.html.erb
  Rendering articles/show.html.erb within layouts/application
  [1m[36mComment Load (0.2ms)[0m  [1m[34mSELECT "comments".* FROM "comments" WHERE "comments"."article_id" = ?[0m  [["article_id", 2]]
  ↳ app/views/articles/show.html.erb:14
  Rendered articles/show.html.erb within layouts/application (Duration: 50.3ms | Allocations: 16640)
  Rendered layout layouts/application.html.erb (Duration: 55.5ms | Allocations: 18675)
Completed 200 OK in 60ms (Views: 55.6ms | ActiveRecord: 1.2ms | Allocations: 19552)


  [1m[35m (1.2ms)[0m  [1m[34mSELECT sqlite_version(*)[0m
  [1m[36mActiveRecord::SchemaMigration Pluck (0.2ms)[0m  [1m[34mSELECT "schema_migrations"."version" FROM "schema_migrations" ORDER BY "schema_migrations"."version" ASC[0m
Migrating to AddStatusToArticles (20220202050901)
  [1m[36mTRANSACTION (0.1ms)[0m  [1m[36mbegin transaction[0m
  [1m[35m (0.8ms)[0m  [1m[35mALTER TABLE "articles" ADD "status" varchar[0m
  [1m[36mActiveRecord::SchemaMigration Create (0.3ms)[0m  [1m[32mINSERT INTO "schema_migrations" ("version") VALUES (?)[0m  [["version", "20220202050901"]]
  [1m[36mTRANSACTION (6.7ms)[0m  [1m[36mcommit transaction[0m
Migrating to AddStatusToComments (20220202050903)
  [1m[36mTRANSACTION (0.1ms)[0m  [1m[36mbegin transaction[0m
  [1m[35m (0.7ms)[0m  [1m[35mALTER TABLE "comments" ADD "status" varchar[0m
  [1m[36mActiveRecord::SchemaMigration Create (0.4ms)[0m  [1m[32mINSERT INTO "schema_migrations" ("version") VALUES (?)[0m  [["version", "20220202050903"]]
  [1m[36mTRANSACTION (6.9ms)[0m  [1m[36mcommit transaction[0m
  [1m[36mActiveRecord::InternalMetadata Load (0.7ms)[0m  [1m[34mSELECT "ar_internal_metadata".* FROM "ar_internal_metadata" WHERE "ar_internal_metadata"."key" = ? LIMIT ?[0m  [["key", "environment"], ["LIMIT", 1]]
  [1m[35m (0.1ms)[0m  [1m[34mSELECT sqlite_version(*)[0m
  [1m[36mActiveRecord::SchemaMigration Pluck (0.6ms)[0m  [1m[34mSELECT "schema_migrations"."version" FROM "schema_migrations" ORDER BY "schema_migrations"."version" ASC[0m
Started GET "/articles/2" for 127.0.0.1 at 2022-02-02 02:16:44 -0300
  [1m[35m (0.2ms)[0m  [1m[34mSELECT sqlite_version(*)[0m
  [1m[36mActiveRecord::SchemaMigration Pluck (0.3ms)[0m  [1m[34mSELECT "schema_migrations"."version" FROM "schema_migrations" ORDER BY "schema_migrations"."version" ASC[0m
Processing by ArticlesController#show as HTML
  Parameters: {"id"=>"2"}
  [1m[36mArticle Load (0.4ms)[0m  [1m[34mSELECT "articles".* FROM "articles" WHERE "articles"."id" = ? LIMIT ?[0m  [["id", 2], ["LIMIT", 1]]
  ↳ app/controllers/articles_controller.rb:7:in `show'
  Rendering layout layouts/application.html.erb
  Rendering articles/show.html.erb within layouts/application
  [1m[36mComment Load (0.3ms)[0m  [1m[34mSELECT "comments".* FROM "comments" WHERE "comments"."article_id" = ?[0m  [["article_id", 2]]
  ↳ app/views/articles/show.html.erb:14
  Rendered collection of templates [0 times] (Duration: 0.1ms | Allocations: 24)
  Rendered comments/_form.html.erb (Duration: 16.0ms | Allocations: 5313)
  Rendered articles/show.html.erb within layouts/application (Duration: 38.6ms | Allocations: 9247)
  Rendered layout layouts/application.html.erb (Duration: 41.1ms | Allocations: 9326)
Completed 500 Internal Server Error in 68ms (ActiveRecord: 0.7ms | Allocations: 14168)


  
ActionView::Template::Error (undefined local variable or method `form' for #<ActionView::Base:0x000000000205d0>
Did you mean?  for
               fork):
    1: <p>
    2:   <%= form.label :status %><br>
    3:   <%= form.select :status, ['public', 'private', 'archived'], selected: 'public' %>
    4: </p>
  
app/views/comments/_form.html.erb:2
app/views/articles/show.html.erb:17
Started GET "/articles/2" for 127.0.0.1 at 2022-02-02 02:16:55 -0300
Processing by ArticlesController#show as HTML
  Parameters: {"id"=>"2"}
  [1m[36mArticle Load (0.2ms)[0m  [1m[34mSELECT "articles".* FROM "articles" WHERE "articles"."id" = ? LIMIT ?[0m  [["id", 2], ["LIMIT", 1]]
  ↳ app/controllers/articles_controller.rb:7:in `show'
  Rendering layout layouts/application.html.erb
  Rendering articles/show.html.erb within layouts/application
  [1m[36mComment Load (0.2ms)[0m  [1m[34mSELECT "comments".* FROM "comments" WHERE "comments"."article_id" = ?[0m  [["article_id", 2]]
  ↳ app/views/articles/show.html.erb:14
  Rendered collection of templates [0 times] (Duration: 0.1ms | Allocations: 11)
  Rendered comments/_form.html.erb (Duration: 10.4ms | Allocations: 4516)
  Rendered articles/show.html.erb within layouts/application (Duration: 15.3ms | Allocations: 5377)
  Rendered layout layouts/application.html.erb (Duration: 15.7ms | Allocations: 5455)
Completed 500 Internal Server Error in 20ms (ActiveRecord: 0.4ms | Allocations: 6190)


  
ActionView::Template::Error (undefined local variable or method `form' for #<ActionView::Base:0x00000000020968>
Did you mean?  for
               fork):
    1: <p>
    2:   <%= form.label :status %><br>
    3:   <%= form.select :status, ['public', 'private', 'archived'], selected: 'public' %>
    4: </p>
  
app/views/comments/_form.html.erb:2
app/views/articles/show.html.erb:17
Started GET "/articles" for 127.0.0.1 at 2022-02-02 02:19:37 -0300
Processing by ArticlesController#index as HTML
  Rendering layout layouts/application.html.erb
  Rendering articles/index.html.erb within layouts/application
  [1m[35m (0.1ms)[0m  [1m[34mSELECT sqlite_version(*)[0m
  ↳ app/models/concerns/visible.rb:12:in `public_count'
  [1m[36mArticle Count (0.3ms)[0m  [1m[34mSELECT COUNT(*) FROM "articles" WHERE "articles"."status" = ?[0m  [["status", "public"]]
  ↳ app/models/concerns/visible.rb:12:in `public_count'
  [1m[36mArticle Load (0.5ms)[0m  [1m[34mSELECT "articles".* FROM "articles"[0m
  ↳ app/views/articles/index.html.erb:6
  Rendered articles/index.html.erb within layouts/application (Duration: 20.2ms | Allocations: 5222)
  Rendered layout layouts/application.html.erb (Duration: 47.8ms | Allocations: 19114)
Completed 200 OK in 62ms (Views: 50.6ms | ActiveRecord: 2.7ms | Allocations: 22030)


Started GET "/articles/1" for 127.0.0.1 at 2022-02-02 02:19:42 -0300
Processing by ArticlesController#show as HTML
  Parameters: {"id"=>"1"}
  [1m[36mArticle Load (0.3ms)[0m  [1m[34mSELECT "articles".* FROM "articles" WHERE "articles"."id" = ? LIMIT ?[0m  [["id", 1], ["LIMIT", 1]]
  ↳ app/controllers/articles_controller.rb:9:in `show'
  Rendering layout layouts/application.html.erb
  Rendering articles/show.html.erb within layouts/application
  [1m[36mComment Load (0.5ms)[0m  [1m[34mSELECT "comments".* FROM "comments" WHERE "comments"."article_id" = ?[0m  [["article_id", 1]]
  ↳ app/views/articles/show.html.erb:14
  Rendered collection of templates [0 times] (Duration: 0.2ms | Allocations: 13)
  Rendered comments/_form.html.erb (Duration: 10.1ms | Allocations: 4543)
  Rendered articles/show.html.erb within layouts/application (Duration: 28.2ms | Allocations: 8642)
  Rendered layout layouts/application.html.erb (Duration: 29.1ms | Allocations: 8720)
Completed 500 Internal Server Error in 36ms (ActiveRecord: 1.3ms | Allocations: 10072)


  
ActionView::Template::Error (undefined local variable or method `form' for #<ActionView::Base:0x00000000025990>
Did you mean?  for
               fork):
    1: <p>
    2:   <%= form.label :status %><br>
    3:   <%= form.select :status, ['public', 'private', 'archived'], selected: 'public' %>
    4: </p>
  
app/views/comments/_form.html.erb:2
app/views/articles/show.html.erb:17
Started GET "/articles" for 127.0.0.1 at 2022-02-02 02:19:52 -0300
Processing by ArticlesController#index as HTML
  Rendering layout layouts/application.html.erb
  Rendering articles/index.html.erb within layouts/application
  [1m[36mArticle Count (0.3ms)[0m  [1m[34mSELECT COUNT(*) FROM "articles" WHERE "articles"."status" = ?[0m  [["status", "public"]]
  ↳ app/models/concerns/visible.rb:12:in `public_count'
  [1m[36mArticle Load (0.2ms)[0m  [1m[34mSELECT "articles".* FROM "articles"[0m
  ↳ app/views/articles/index.html.erb:6
  Rendered articles/index.html.erb within layouts/application (Duration: 6.6ms | Allocations: 1187)
  Rendered layout layouts/application.html.erb (Duration: 14.2ms | Allocations: 3490)
Completed 200 OK in 17ms (Views: 15.3ms | ActiveRecord: 0.5ms | Allocations: 3823)


Started GET "/articles" for 127.0.0.1 at 2022-02-02 02:22:01 -0300
Processing by ArticlesController#index as HTML
  Rendering layout layouts/application.html.erb
  Rendering articles/index.html.erb within layouts/application
  [1m[36mArticle Count (0.2ms)[0m  [1m[34mSELECT COUNT(*) FROM "articles" WHERE "articles"."status" = ?[0m  [["status", "public"]]
  ↳ app/models/concerns/visible.rb:12:in `public_count'
  [1m[36mArticle Load (0.3ms)[0m  [1m[34mSELECT "articles".* FROM "articles"[0m
  ↳ app/views/articles/index.html.erb:6
  Rendered articles/index.html.erb within layouts/application (Duration: 7.0ms | Allocations: 1443)
  Rendered layout layouts/application.html.erb (Duration: 14.8ms | Allocations: 4025)
Completed 200 OK in 19ms (Views: 17.0ms | ActiveRecord: 0.5ms | Allocations: 5056)


Started GET "/articles/1" for 127.0.0.1 at 2022-02-02 02:22:02 -0300
Processing by ArticlesController#show as HTML
  Parameters: {"id"=>"1"}
  [1m[36mArticle Load (0.2ms)[0m  [1m[34mSELECT "articles".* FROM "articles" WHERE "articles"."id" = ? LIMIT ?[0m  [["id", 1], ["LIMIT", 1]]
  ↳ app/controllers/articles_controller.rb:9:in `show'
  Rendering layout layouts/application.html.erb
  Rendering articles/show.html.erb within layouts/application
  Rendered articles/show.html.erb within layouts/application (Duration: 10.3ms | Allocations: 3381)
  Rendered layout layouts/application.html.erb (Duration: 10.9ms | Allocations: 3459)
Completed 500 Internal Server Error in 17ms (ActiveRecord: 0.2ms | Allocations: 4250)


  
ActionView::Template::Error (undefined method `text' for #<Article id: 1, title: "Hello Rails", body: "I am on Rails!", created_at: "2022-02-02 04:52:54.944641000 +0000", updated_at: "2022-02-02 04:52:54.944641000 +0000", status: nil>):
     5: 
     6: <p>
     7:   <strong>Text:</strong>
     8:   <%= @article.text %>
     9: </p>
    10: 
    11: <h2>Comments</h2>
  
app/views/articles/show.html.erb:8
Started GET "/articles" for 127.0.0.1 at 2022-02-02 02:22:19 -0300
Processing by ArticlesController#index as HTML
  Rendering layout layouts/application.html.erb
  Rendering articles/index.html.erb within layouts/application
  [1m[36mArticle Count (0.3ms)[0m  [1m[34mSELECT COUNT(*) FROM "articles" WHERE "articles"."status" = ?[0m  [["status", "public"]]
  ↳ app/models/concerns/visible.rb:12:in `public_count'
  [1m[36mArticle Load (0.3ms)[0m  [1m[34mSELECT "articles".* FROM "articles"[0m
  ↳ app/views/articles/index.html.erb:6
  Rendered articles/index.html.erb within layouts/application (Duration: 5.8ms | Allocations: 1186)
  Rendered layout layouts/application.html.erb (Duration: 12.1ms | Allocations: 3489)
Completed 200 OK in 15ms (Views: 12.9ms | ActiveRecord: 0.5ms | Allocations: 3821)


